[    1541ms] [WARNING] The key "userscalable" is not recognized and ignored. @ http://localhost:3000/home/:0
[    2450ms] [ERROR] Failed to load resource: net::ERR_SSL_PROTOCOL_ERROR @ https://localhost:3000/api/admin/me/:0
[    2451ms] [ERROR] Failed to load resource: net::ERR_SSL_PROTOCOL_ERROR @ https://localhost:3000/api/revalidate-all/:0
[    6052ms] [WARNING] The resource http://localhost:3000/_next/image/?url=%2Flogo.png&w=128&q=75 was preloaded using link preload but not used within a few seconds from the window's load event. Please make sure it has an appropriate `as` value and it is preloaded intentionally. @ http://localhost:3000/home/:0
[  228554ms] [WARNING] The resource http://localhost:3000/_next/image/?url=%2Flogo.png&w=128&q=75 was preloaded using link preload but not used within a few seconds from the window's load event. Please make sure it has an appropriate `as` value and it is preloaded intentionally. @ http://localhost:3000/home/:0
[  229703ms] [ERROR] Encountered a script tag while rendering React component. Scripts inside React components are never executed when rendering on the client. Consider using template tag instead (https://developer.mozilla.org/en-US/docs/Web/HTML/Element/template). @ http://localhost:3000/_next/static/chunks/node_modules_next_dist_115brz8._.js:3272
[  233308ms] [WARNING] The resource http://localhost:3000/_next/image/?url=%2Flogo.png&w=128&q=75 was preloaded using link preload but not used within a few seconds from the window's load event. Please make sure it has an appropriate `as` value and it is preloaded intentionally. @ http://localhost:3000/home/:0
[  243219ms] [WARNING] The resource http://localhost:3000/_next/image/?url=%2Flogo.png&w=128&q=75 was preloaded using link preload but not used within a few seconds from the window's load event. Please make sure it has an appropriate `as` value and it is preloaded intentionally. @ http://localhost:3000/home/:0
[  252676ms] [WARNING] The resource http://localhost:3000/_next/image/?url=%2Flogo.png&w=128&q=75 was preloaded using link preload but not used within a few seconds from the window's load event. Please make sure it has an appropriate `as` value and it is preloaded intentionally. @ http://localhost:3000/home/:0
[  258308ms] [WARNING] The resource http://localhost:3000/_next/image/?url=%2Flogo.png&w=128&q=75 was preloaded using link preload but not used within a few seconds from the window's load event. Please make sure it has an appropriate `as` value and it is preloaded intentionally. @ http://localhost:3000/home/:0
[  273476ms] [WARNING] The resource http://localhost:3000/_next/image/?url=%2Flogo.png&w=128&q=75 was preloaded using link preload but not used within a few seconds from the window's load event. Please make sure it has an appropriate `as` value and it is preloaded intentionally. @ http://localhost:3000/home/:0
[  280362ms] [WARNING] The resource http://localhost:3000/_next/image/?url=%2Flogo.png&w=128&q=75 was preloaded using link preload but not used within a few seconds from the window's load event. Please make sure it has an appropriate `as` value and it is preloaded intentionally. @ http://localhost:3000/home/:0
[  285780ms] [WARNING] The resource http://localhost:3000/_next/image/?url=%2Flogo.png&w=128&q=75 was preloaded using link preload but not used within a few seconds from the window's load event. Please make sure it has an appropriate `as` value and it is preloaded intentionally. @ http://localhost:3000/home/:0
[  300086ms] [WARNING] The resource http://localhost:3000/_next/image/?url=%2Flogo.png&w=128&q=75 was preloaded using link preload but not used within a few seconds from the window's load event. Please make sure it has an appropriate `as` value and it is preloaded intentionally. @ http://localhost:3000/home/:0
[  313100ms] [WARNING] The resource http://localhost:3000/_next/image/?url=%2Flogo.png&w=128&q=75 was preloaded using link preload but not used within a few seconds from the window's load event. Please make sure it has an appropriate `as` value and it is preloaded intentionally. @ http://localhost:3000/home/:0
[  317308ms] [WARNING] The resource http://localhost:3000/_next/image/?url=%2Flogo.png&w=128&q=75 was preloaded using link preload but not used within a few seconds from the window's load event. Please make sure it has an appropriate `as` value and it is preloaded intentionally. @ http://localhost:3000/home/:0
[  325720ms] [WARNING] The resource http://localhost:3000/_next/image/?url=%2Flogo.png&w=128&q=75 was preloaded using link preload but not used within a few seconds from the window's load event. Please make sure it has an appropriate `as` value and it is preloaded intentionally. @ http://localhost:3000/home/:0
[  341135ms] [WARNING] The resource http://localhost:3000/_next/image/?url=%2Flogo.png&w=128&q=75 was preloaded using link preload but not used within a few seconds from the window's load event. Please make sure it has an appropriate `as` value and it is preloaded intentionally. @ http://localhost:3000/home/:0
[  351879ms] [WARNING] The resource http://localhost:3000/_next/image/?url=%2Flogo.png&w=128&q=75 was preloaded using link preload but not used within a few seconds from the window's load event. Please make sure it has an appropriate `as` value and it is preloaded intentionally. @ http://localhost:3000/home/:0
[  361829ms] [WARNING] The resource http://localhost:3000/_next/image/?url=%2Flogo.png&w=128&q=75 was preloaded using link preload but not used within a few seconds from the window's load event. Please make sure it has an appropriate `as` value and it is preloaded intentionally. @ http://localhost:3000/home/:0
[  372571ms] [WARNING] The resource http://localhost:3000/_next/image/?url=%2Flogo.png&w=128&q=75 was preloaded using link preload but not used within a few seconds from the window's load event. Please make sure it has an appropriate `as` value and it is preloaded intentionally. @ http://localhost:3000/home/:0
[  394301ms] [WARNING] The resource http://localhost:3000/_next/image/?url=%2Flogo.png&w=128&q=75 was preloaded using link preload but not used within a few seconds from the window's load event. Please make sure it has an appropriate `as` value and it is preloaded intentionally. @ http://localhost:3000/home/:0
